[13:44:13] [main/INFO]: Setting user: Player743
[13:44:14] [Client thread/INFO]: LWJGL Version: 2.9.1
[13:44:17] [Client thread/INFO]: Reloading ResourceManager: Default, FMLFileResourcePack:Forge Mod Loader, FMLFileResourcePack:Minecraft Forge, FMLFileResourcePack:yourmodsname
[13:44:18] [Sound Library Loader/INFO]: Sound engine started
[13:44:19] [Client thread/INFO]: Created: 512x256 textures/blocks-atlas
[13:44:19] [Client thread/ERROR]: Using missing texture, unable to load minecraft:textures/items/NetherStar.png
java.io.FileNotFoundException: minecraft:textures/items/NetherStar.png
	at net.minecraft.client.resources.FallbackResourceManager.getResource(FallbackResourceManager.java:65) ~[FallbackResourceManager.class:?]
	at net.minecraft.client.resources.SimpleReloadableResourceManager.getResource(SimpleReloadableResourceManager.java:67) ~[SimpleReloadableResourceManager.class:?]
	at net.minecraft.client.renderer.texture.TextureMap.loadTextureAtlas(TextureMap.java:126) [TextureMap.class:?]
	at net.minecraft.client.renderer.texture.TextureMap.loadTexture(TextureMap.java:91) [TextureMap.class:?]
	at net.minecraft.client.renderer.texture.TextureManager.loadTexture(TextureManager.java:89) [TextureManager.class:?]
	at net.minecraft.client.renderer.texture.TextureManager.loadTickableTexture(TextureManager.java:71) [TextureManager.class:?]
	at net.minecraft.client.renderer.texture.TextureManager.loadTextureMap(TextureManager.java:58) [TextureManager.class:?]
	at net.minecraft.client.Minecraft.startGame(Minecraft.java:582) [Minecraft.class:?]
	at net.minecraft.client.Minecraft.run(Minecraft.java:892) [Minecraft.class:?]
	at net.minecraft.client.main.Main.main(Main.java:112) [Main.class:?]
	at sun.reflect.NativeMethodAccessorImpl.invoke0(Native Method) ~[?:1.6.0_65]
	at sun.reflect.NativeMethodAccessorImpl.invoke(NativeMethodAccessorImpl.java:39) ~[?:1.6.0_65]
	at sun.reflect.DelegatingMethodAccessorImpl.invoke(DelegatingMethodAccessorImpl.java:25) ~[?:1.6.0_65]
	at java.lang.reflect.Method.invoke(Method.java:597) ~[?:1.6.0_65]
	at net.minecraft.launchwrapper.Launch.launch(Launch.java:134) [launchwrapper-1.9.jar:?]
	at net.minecraft.launchwrapper.Launch.main(Launch.java:28) [launchwrapper-1.9.jar:?]
[13:44:19] [Client thread/INFO]: Created: 256x256 textures/items-atlas
[13:44:19] [Client thread/INFO]: Reloading ResourceManager: Default, FMLFileResourcePack:Forge Mod Loader, FMLFileResourcePack:Minecraft Forge, FMLFileResourcePack:yourmodsname
[13:44:19] [Client thread/ERROR]: Using missing texture, unable to load minecraft:textures/items/NetherStar.png
java.io.FileNotFoundException: minecraft:textures/items/NetherStar.png
	at net.minecraft.client.resources.FallbackResourceManager.getResource(FallbackResourceManager.java:65) ~[FallbackResourceManager.class:?]
	at net.minecraft.client.resources.SimpleReloadableResourceManager.getResource(SimpleReloadableResourceManager.java:67) ~[SimpleReloadableResourceManager.class:?]
	at net.minecraft.client.renderer.texture.TextureMap.loadTextureAtlas(TextureMap.java:126) [TextureMap.class:?]
	at net.minecraft.client.renderer.texture.TextureMap.loadTexture(TextureMap.java:91) [TextureMap.class:?]
	at net.minecraft.client.renderer.texture.TextureManager.loadTexture(TextureManager.java:89) [TextureManager.class:?]
	at net.minecraft.client.renderer.texture.TextureManager.onResourceManagerReload(TextureManager.java:170) [TextureManager.class:?]
	at net.minecraft.client.resources.SimpleReloadableResourceManager.notifyReloadListeners(SimpleReloadableResourceManager.java:134) [SimpleReloadableResourceManager.class:?]
	at net.minecraft.client.resources.SimpleReloadableResourceManager.reloadResources(SimpleReloadableResourceManager.java:118) [SimpleReloadableResourceManager.class:?]
	at net.minecraft.client.Minecraft.refreshResources(Minecraft.java:626) [Minecraft.class:?]
	at cpw.mods.fml.client.FMLClientHandler.finishMinecraftLoading(FMLClientHandler.java:282) [FMLClientHandler.class:?]
	at net.minecraft.client.Minecraft.startGame(Minecraft.java:585) [Minecraft.class:?]
	at net.minecraft.client.Minecraft.run(Minecraft.java:892) [Minecraft.class:?]
	at net.minecraft.client.main.Main.main(Main.java:112) [Main.class:?]
	at sun.reflect.NativeMethodAccessorImpl.invoke0(Native Method) ~[?:1.6.0_65]
	at sun.reflect.NativeMethodAccessorImpl.invoke(NativeMethodAccessorImpl.java:39) ~[?:1.6.0_65]
	at sun.reflect.DelegatingMethodAccessorImpl.invoke(DelegatingMethodAccessorImpl.java:25) ~[?:1.6.0_65]
	at java.lang.reflect.Method.invoke(Method.java:597) ~[?:1.6.0_65]
	at net.minecraft.launchwrapper.Launch.launch(Launch.java:134) [launchwrapper-1.9.jar:?]
	at net.minecraft.launchwrapper.Launch.main(Launch.java:28) [launchwrapper-1.9.jar:?]
[13:44:19] [Client thread/INFO]: Created: 256x256 textures/items-atlas
[13:44:19] [Client thread/INFO]: Created: 512x256 textures/blocks-atlas
[13:44:20] [Sound Library Loader/INFO]: Sound engine started
[13:44:20] [MCO Availability Checker #1/ERROR]: Couldn't connect to Realms
[13:44:25] [Server thread/INFO]: Starting integrated minecraft server version 1.7.2
[13:44:25] [Server thread/INFO]: Generating keypair
[13:44:26] [Server thread/INFO]: Preparing start region for level 0
[13:44:27] [Server thread/INFO]: Player743[local:E:d3592f59] logged in with entity id 374 at (109.3433329027201, 68.0, 222.2878462157714)
[13:44:27] [Server thread/INFO]: Player743 joined the game
[13:44:27] [Server thread/INFO]: Saving and pausing game...
[13:44:27] [Server thread/INFO]: Saving chunks for level 'SLurp'/Overworld
[13:44:27] [Server thread/INFO]: Saving chunks for level 'SLurp'/Nether
[13:44:27] [Server thread/INFO]: Saving chunks for level 'SLurp'/The End
[13:44:32] [Server thread/INFO]: [Player743: Set own game mode to Creative Mode]
[13:44:32] [Client thread/INFO]: [CHAT] Your game mode has been updated
[13:44:52] [Server thread/INFO]: [Player743: Set the time to 1000]
[13:44:52] [Client thread/INFO]: [CHAT] Set the time to 1000
[13:45:43] [Server thread/INFO]: [Player743: Set own game mode to Survival Mode]
[13:45:43] [Client thread/INFO]: [CHAT] Your game mode has been updated
[13:46:29] [Server thread/INFO]: Player743 has just earned the achievement [Getting Wood]
[13:46:29] [Client thread/INFO]: [CHAT] Player743 has just earned the achievement [Getting Wood]
[13:47:11] [Client thread/ERROR]: Item entity 21110 has no item?!
[13:47:11] [Client thread/ERROR]: Item entity 21110 has no item?!
[13:47:11] [Client thread/ERROR]: Item entity 21110 has no item?!
[13:47:11] [Client thread/ERROR]: Item entity 21110 has no item?!
[13:47:11] [Client thread/ERROR]: Item entity 21110 has no item?!
[13:47:11] [Client thread/ERROR]: Item entity 21110 has no item?!
[13:47:11] [Client thread/ERROR]: Item entity 21110 has no item?!
[13:47:11] [Client thread/ERROR]: Item entity 21110 has no item?!
[13:47:11] [Client thread/ERROR]: Item entity 21110 has no item?!
[13:47:11] [Client thread/ERROR]: Item entity 21110 has no item?!
[13:47:11] [Client thread/ERROR]: Item entity 21110 has no item?!
[13:47:11] [Client thread/ERROR]: Item entity 21110 has no item?!
[13:47:11] [Client thread/ERROR]: Item entity 21110 has no item?!
[13:47:11] [Client thread/ERROR]: Item entity 21110 has no item?!
[13:47:11] [Client thread/ERROR]: Item entity 21110 has no item?!
[13:47:11] [Client thread/ERROR]: Item entity 21110 has no item?!
[13:47:11] [Client thread/ERROR]: Item entity 21110 has no item?!
[13:47:11] [Client thread/ERROR]: Item entity 21110 has no item?!
[13:47:11] [Client thread/ERROR]: Item entity 21110 has no item?!
[13:47:45] [Server thread/INFO]: Saving and pausing game...
[13:47:45] [Server thread/INFO]: Saving chunks for level 'SLurp'/Overworld
[13:47:45] [Server thread/INFO]: Saving chunks for level 'SLurp'/Nether
[13:47:45] [Server thread/INFO]: Saving chunks for level 'SLurp'/The End
[13:47:45] [Server thread/INFO]: Stopping server
[13:47:45] [Server thread/INFO]: Saving players
[13:47:45] [Server thread/INFO]: Saving worlds
[13:47:45] [Server thread/INFO]: Saving chunks for level 'SLurp'/Overworld
[13:47:45] [Server thread/INFO]: Saving chunks for level 'SLurp'/Nether
[13:47:45] [Server thread/INFO]: Saving chunks for level 'SLurp'/The End
[13:47:47] [Client thread/INFO]: Stopping!
